<?xml version="1.0" encoding="UTF-8"?>
<testsuite name="com.mindex.challenge.service.impl.EmployeeServiceImplTest" tests="3" skipped="0" failures="0" errors="0" timestamp="2024-01-18T21:53:30" hostname="DESKTOP-0U6OV62" time="0.43">
  <properties/>
  <testcase name="testGetReportingStructureById" classname="com.mindex.challenge.service.impl.EmployeeServiceImplTest" time="0.377"/>
  <testcase name="testCreateReadUpdate" classname="com.mindex.challenge.service.impl.EmployeeServiceImplTest" time="0.026"/>
  <testcase name="testCreateReadCompensation" classname="com.mindex.challenge.service.impl.EmployeeServiceImplTest" time="0.025"/>
  <system-out><![CDATA[16:53:28.025 [Test worker] DEBUG org.springframework.test.context.junit4.SpringJUnit4ClassRunner - SpringJUnit4ClassRunner constructor called with [class com.mindex.challenge.service.impl.EmployeeServiceImplTest]
16:53:28.031 [Test worker] DEBUG org.springframework.test.context.BootstrapUtils - Instantiating CacheAwareContextLoaderDelegate from class [org.springframework.test.context.cache.DefaultCacheAwareContextLoaderDelegate]
16:53:28.037 [Test worker] DEBUG org.springframework.test.context.BootstrapUtils - Instantiating BootstrapContext using constructor [public org.springframework.test.context.support.DefaultBootstrapContext(java.lang.Class,org.springframework.test.context.CacheAwareContextLoaderDelegate)]
16:53:28.064 [Test worker] DEBUG org.springframework.test.context.BootstrapUtils - Instantiating TestContextBootstrapper for test class [com.mindex.challenge.service.impl.EmployeeServiceImplTest] from class [org.springframework.boot.test.context.SpringBootTestContextBootstrapper]
16:53:28.076 [Test worker] INFO org.springframework.boot.test.context.SpringBootTestContextBootstrapper - Neither @ContextConfiguration nor @ContextHierarchy found for test class [com.mindex.challenge.service.impl.EmployeeServiceImplTest], using SpringBootContextLoader
16:53:28.079 [Test worker] DEBUG org.springframework.test.context.support.AbstractContextLoader - Did not detect default resource location for test class [com.mindex.challenge.service.impl.EmployeeServiceImplTest]: class path resource [com/mindex/challenge/service/impl/EmployeeServiceImplTest-context.xml] does not exist
16:53:28.080 [Test worker] DEBUG org.springframework.test.context.support.AbstractContextLoader - Did not detect default resource location for test class [com.mindex.challenge.service.impl.EmployeeServiceImplTest]: class path resource [com/mindex/challenge/service/impl/EmployeeServiceImplTestContext.groovy] does not exist
16:53:28.080 [Test worker] INFO org.springframework.test.context.support.AbstractContextLoader - Could not detect default resource locations for test class [com.mindex.challenge.service.impl.EmployeeServiceImplTest]: no resource found for suffixes {-context.xml, Context.groovy}.
16:53:28.080 [Test worker] INFO org.springframework.test.context.support.AnnotationConfigContextLoaderUtils - Could not detect default configuration classes for test class [com.mindex.challenge.service.impl.EmployeeServiceImplTest]: EmployeeServiceImplTest does not declare any static, non-private, non-final, nested classes annotated with @Configuration.
16:53:28.114 [Test worker] DEBUG org.springframework.test.context.support.ActiveProfilesUtils - Could not find an 'annotation declaring class' for annotation type [org.springframework.test.context.ActiveProfiles] and class [com.mindex.challenge.service.impl.EmployeeServiceImplTest]
16:53:28.175 [Test worker] DEBUG org.springframework.context.annotation.ClassPathScanningCandidateComponentProvider - Identified candidate component class: file [C:\Users\jphan\OneDrive\Documents\mindex-java-code-challenge\mindex-java-code-challenge\build\classes\java\main\com\mindex\challenge\ChallengeApplication.class]
16:53:28.178 [Test worker] INFO org.springframework.boot.test.context.SpringBootTestContextBootstrapper - Found @SpringBootConfiguration com.mindex.challenge.ChallengeApplication for test class com.mindex.challenge.service.impl.EmployeeServiceImplTest
16:53:28.249 [Test worker] DEBUG org.springframework.boot.test.context.SpringBootTestContextBootstrapper - @TestExecutionListeners is not present for class [com.mindex.challenge.service.impl.EmployeeServiceImplTest]: using defaults.
16:53:28.250 [Test worker] INFO org.springframework.boot.test.context.SpringBootTestContextBootstrapper - Loaded default TestExecutionListener class names from location [META-INF/spring.factories]: [org.springframework.boot.test.autoconfigure.restdocs.RestDocsTestExecutionListener, org.springframework.boot.test.autoconfigure.web.client.MockRestServiceServerResetTestExecutionListener, org.springframework.boot.test.autoconfigure.web.servlet.MockMvcPrintOnlyOnFailureTestExecutionListener, org.springframework.boot.test.autoconfigure.web.servlet.WebDriverTestExecutionListener, org.springframework.boot.test.mock.mockito.MockitoTestExecutionListener, org.springframework.boot.test.mock.mockito.ResetMocksTestExecutionListener, org.springframework.test.context.web.ServletTestExecutionListener, org.springframework.test.context.support.DirtiesContextBeforeModesTestExecutionListener, org.springframework.test.context.support.DependencyInjectionTestExecutionListener, org.springframework.test.context.support.DirtiesContextTestExecutionListener, org.springframework.test.context.transaction.TransactionalTestExecutionListener, org.springframework.test.context.jdbc.SqlScriptsTestExecutionListener, org.springframework.test.context.event.EventPublishingTestExecutionListener]
16:53:28.262 [Test worker] INFO org.springframework.boot.test.context.SpringBootTestContextBootstrapper - Using TestExecutionListeners: [org.springframework.test.context.web.ServletTestExecutionListener@1330b7e4, org.springframework.test.context.support.DirtiesContextBeforeModesTestExecutionListener@40470453, org.springframework.boot.test.mock.mockito.MockitoTestExecutionListener@3afd49d8, org.springframework.boot.test.autoconfigure.SpringBootDependencyInjectionTestExecutionListener@2351ef68, org.springframework.test.context.support.DirtiesContextTestExecutionListener@3548f371, org.springframework.test.context.transaction.TransactionalTestExecutionListener@4dd51c17, org.springframework.test.context.jdbc.SqlScriptsTestExecutionListener@1d362ffc, org.springframework.test.context.event.EventPublishingTestExecutionListener@31b0a99d, org.springframework.boot.test.autoconfigure.restdocs.RestDocsTestExecutionListener@439117a1, org.springframework.boot.test.autoconfigure.web.client.MockRestServiceServerResetTestExecutionListener@26418e60, org.springframework.boot.test.autoconfigure.web.servlet.MockMvcPrintOnlyOnFailureTestExecutionListener@aa41c9b, org.springframework.boot.test.autoconfigure.web.servlet.WebDriverTestExecutionListener@3e6ca013, org.springframework.boot.test.mock.mockito.ResetMocksTestExecutionListener@758b9460]
16:53:28.266 [Test worker] DEBUG org.springframework.test.annotation.ProfileValueUtils - Retrieved @ProfileValueSourceConfiguration [null] for test class [com.mindex.challenge.service.impl.EmployeeServiceImplTest]
16:53:28.266 [Test worker] DEBUG org.springframework.test.annotation.ProfileValueUtils - Retrieved ProfileValueSource type [class org.springframework.test.annotation.SystemProfileValueSource] for class [com.mindex.challenge.service.impl.EmployeeServiceImplTest]
16:53:28.267 [Test worker] DEBUG org.springframework.test.annotation.ProfileValueUtils - Retrieved @ProfileValueSourceConfiguration [null] for test class [com.mindex.challenge.service.impl.EmployeeServiceImplTest]
16:53:28.267 [Test worker] DEBUG org.springframework.test.annotation.ProfileValueUtils - Retrieved ProfileValueSource type [class org.springframework.test.annotation.SystemProfileValueSource] for class [com.mindex.challenge.service.impl.EmployeeServiceImplTest]
16:53:28.270 [Test worker] DEBUG org.springframework.test.context.support.AbstractDirtiesContextTestExecutionListener - Before test class: context [DefaultTestContext@45422df4 testClass = EmployeeServiceImplTest, testInstance = [null], testMethod = [null], testException = [null], mergedContextConfiguration = [WebMergedContextConfiguration@7b684306 testClass = EmployeeServiceImplTest, locations = '{}', classes = '{class com.mindex.challenge.ChallengeApplication}', contextInitializerClasses = '[]', activeProfiles = '{}', propertySourceLocations = '{}', propertySourceProperties = '{org.springframework.boot.test.context.SpringBootTestContextBootstrapper=true, server.port=0}', contextCustomizers = set[org.springframework.boot.test.autoconfigure.properties.PropertyMappingContextCustomizer@0, org.springframework.boot.test.autoconfigure.web.servlet.WebDriverContextCustomizerFactory$Customizer@119cda59, org.springframework.boot.test.context.filter.ExcludeFilterContextCustomizer@3c1b3ada, org.springframework.boot.test.json.DuplicateJsonObjectContextCustomizerFactory$DuplicateJsonObjectContextCustomizer@4fc65c26, org.springframework.boot.test.mock.mockito.MockitoContextCustomizer@0, org.springframework.boot.test.web.client.TestRestTemplateContextCustomizer@6e5dd676], resourceBasePath = 'src/main/webapp', contextLoader = 'org.springframework.boot.test.context.SpringBootContextLoader', parent = [null]], attributes = map['org.springframework.test.context.web.ServletTestExecutionListener.activateListener' -> false]], class annotated with @DirtiesContext [false] with mode [null].
16:53:28.271 [Test worker] DEBUG org.springframework.test.annotation.ProfileValueUtils - Retrieved @ProfileValueSourceConfiguration [null] for test class [com.mindex.challenge.service.impl.EmployeeServiceImplTest]
16:53:28.271 [Test worker] DEBUG org.springframework.test.annotation.ProfileValueUtils - Retrieved ProfileValueSource type [class org.springframework.test.annotation.SystemProfileValueSource] for class [com.mindex.challenge.service.impl.EmployeeServiceImplTest]
16:53:28.274 [Test worker] DEBUG org.springframework.test.context.support.DependencyInjectionTestExecutionListener - Performing dependency injection for test context [[DefaultTestContext@45422df4 testClass = EmployeeServiceImplTest, testInstance = com.mindex.challenge.service.impl.EmployeeServiceImplTest@2d872be1, testMethod = [null], testException = [null], mergedContextConfiguration = [WebMergedContextConfiguration@7b684306 testClass = EmployeeServiceImplTest, locations = '{}', classes = '{class com.mindex.challenge.ChallengeApplication}', contextInitializerClasses = '[]', activeProfiles = '{}', propertySourceLocations = '{}', propertySourceProperties = '{org.springframework.boot.test.context.SpringBootTestContextBootstrapper=true, server.port=0}', contextCustomizers = set[org.springframework.boot.test.autoconfigure.properties.PropertyMappingContextCustomizer@0, org.springframework.boot.test.autoconfigure.web.servlet.WebDriverContextCustomizerFactory$Customizer@119cda59, org.springframework.boot.test.context.filter.ExcludeFilterContextCustomizer@3c1b3ada, org.springframework.boot.test.json.DuplicateJsonObjectContextCustomizerFactory$DuplicateJsonObjectContextCustomizer@4fc65c26, org.springframework.boot.test.mock.mockito.MockitoContextCustomizer@0, org.springframework.boot.test.web.client.TestRestTemplateContextCustomizer@6e5dd676], resourceBasePath = 'src/main/webapp', contextLoader = 'org.springframework.boot.test.context.SpringBootContextLoader', parent = [null]], attributes = map['org.springframework.test.context.web.ServletTestExecutionListener.activateListener' -> false]]].
16:53:28.292 [Test worker] DEBUG org.springframework.test.context.support.TestPropertySourceUtils - Adding inlined properties to environment: {spring.jmx.enabled=false, org.springframework.boot.test.context.SpringBootTestContextBootstrapper=true, server.port=0}

  .   ____          _            __ _ _
 /\\ / ___'_ __ _ _(_)_ __  __ _ \ \ \ \
( ( )\___ | '_ | '_| | '_ \/ _` | \ \ \ \
 \\/  ___)| |_)| | | | | || (_| |  ) ) ) )
  '  |____| .__|_| |_|_| |_\__, | / / / /
 =========|_|==============|___/=/_/_/_/
 :: Spring Boot ::        (v2.2.0.RELEASE)

2024-01-18 16:53:28.511  INFO 26080 --- [    Test worker] c.m.c.s.impl.EmployeeServiceImplTest     : Starting EmployeeServiceImplTest on DESKTOP-0U6OV62 with PID 26080 (started by jphan in C:\Users\jphan\OneDrive\Documents\mindex-java-code-challenge\mindex-java-code-challenge)
2024-01-18 16:53:28.512 DEBUG 26080 --- [    Test worker] c.m.c.s.impl.EmployeeServiceImplTest     : Running with Spring Boot v2.2.0.RELEASE, Spring v5.2.0.RELEASE
2024-01-18 16:53:28.513  INFO 26080 --- [    Test worker] c.m.c.s.impl.EmployeeServiceImplTest     : No active profile set, falling back to default profiles: default
2024-01-18 16:53:28.815  INFO 26080 --- [    Test worker] .s.d.r.c.RepositoryConfigurationDelegate : Bootstrapping Spring Data repositories in DEFAULT mode.
2024-01-18 16:53:28.858  INFO 26080 --- [    Test worker] .s.d.r.c.RepositoryConfigurationDelegate : Finished Spring Data repository scanning in 39ms. Found 2 repository interfaces.
2024-01-18 16:53:29.388  INFO 26080 --- [    Test worker] o.s.b.w.embedded.tomcat.TomcatWebServer  : Tomcat initialized with port(s): 0 (http)
2024-01-18 16:53:29.396  INFO 26080 --- [    Test worker] o.apache.catalina.core.StandardService   : Starting service [Tomcat]
2024-01-18 16:53:29.396  INFO 26080 --- [    Test worker] org.apache.catalina.core.StandardEngine  : Starting Servlet engine: [Apache Tomcat/9.0.27]
2024-01-18 16:53:29.491  INFO 26080 --- [    Test worker] o.a.c.c.C.[Tomcat].[localhost].[/]       : Initializing Spring embedded WebApplicationContext
2024-01-18 16:53:29.491  INFO 26080 --- [    Test worker] o.s.web.context.ContextLoader            : Root WebApplicationContext: initialization completed in 962 ms
2024-01-18 16:53:29.736  INFO 26080 --- [    Test worker] de.bwaldvogel.mongo.MongoServer          : started MongoServer(port: 59708, ssl: false)
2024-01-18 16:53:29.786  INFO 26080 --- [    Test worker] org.mongodb.driver.cluster               : Cluster created with settings {hosts=[127.0.0.1:59708], mode=SINGLE, requiredClusterType=UNKNOWN, serverSelectionTimeout='30000 ms', maxWaitQueueSize=500}
2024-01-18 16:53:29.835  INFO 26080 --- [-server-worker1] d.b.mongo.wire.MongoWireProtocolHandler  : client [id: 0xbdbaf691, L:/127.0.0.1:59708 - R:/127.0.0.1:59710] connected
2024-01-18 16:53:29.894  INFO 26080 --- [127.0.0.1:59708] org.mongodb.driver.connection            : Opened connection [connectionId{localValue:1}] to 127.0.0.1:59708
2024-01-18 16:53:29.896  WARN 26080 --- [    Test worker] o.s.data.convert.CustomConversions       : Registering converter from class java.time.LocalDateTime to class java.time.Instant as reading converter although it doesn't convert from a store-supported type! You might wanna check you annotation setup at the converter implementation.
2024-01-18 16:53:29.897  WARN 26080 --- [    Test worker] o.s.data.convert.CustomConversions       : Registering converter from class java.time.Instant to class java.time.LocalDateTime as reading converter although it doesn't convert from a store-supported type! You might wanna check you annotation setup at the converter implementation.
2024-01-18 16:53:29.897  INFO 26080 --- [127.0.0.1:59708] org.mongodb.driver.cluster               : Monitor thread successfully connected to server with description ServerDescription{address=127.0.0.1:59708, type=STANDALONE, state=CONNECTED, ok=true, version=ServerVersion{versionList=[3, 0, 0]}, minWireVersion=0, maxWireVersion=2, maxDocumentSize=16777216, logicalSessionTimeoutMinutes=null, roundTripTimeNanos=1832700}
2024-01-18 16:53:29.901  WARN 26080 --- [    Test worker] o.s.data.convert.CustomConversions       : Registering converter from class java.time.LocalDateTime to class java.time.Instant as reading converter although it doesn't convert from a store-supported type! You might wanna check you annotation setup at the converter implementation.
2024-01-18 16:53:29.902  WARN 26080 --- [    Test worker] o.s.data.convert.CustomConversions       : Registering converter from class java.time.Instant to class java.time.LocalDateTime as reading converter although it doesn't convert from a store-supported type! You might wanna check you annotation setup at the converter implementation.
2024-01-18 16:53:30.217  INFO 26080 --- [-server-worker2] d.b.mongo.wire.MongoWireProtocolHandler  : client [id: 0x09495a2f, L:/127.0.0.1:59708 - R:/127.0.0.1:59711] connected
2024-01-18 16:53:30.223  INFO 26080 --- [    Test worker] org.mongodb.driver.connection            : Opened connection [connectionId{localValue:2}] to 127.0.0.1:59708
2024-01-18 16:53:30.235  INFO 26080 --- [-server-worker2] d.b.mongo.backend.AbstractMongoBackend   : created database test
2024-01-18 16:53:30.241  INFO 26080 --- [-server-worker2] d.b.mongo.backend.AbstractMongoDatabase  : adding unique _id index for collection employee
2024-01-18 16:53:30.242  INFO 26080 --- [-server-worker2] d.b.mongo.backend.AbstractMongoDatabase  : created collection test.employee
2024-01-18 16:53:30.451  INFO 26080 --- [    Test worker] o.s.s.concurrent.ThreadPoolTaskExecutor  : Initializing ExecutorService 'applicationTaskExecutor'
2024-01-18 16:53:30.600  WARN 26080 --- [    Test worker] o.s.data.convert.CustomConversions       : Registering converter from class java.time.LocalDateTime to class java.time.Instant as reading converter although it doesn't convert from a store-supported type! You might wanna check you annotation setup at the converter implementation.
2024-01-18 16:53:30.600  WARN 26080 --- [    Test worker] o.s.data.convert.CustomConversions       : Registering converter from class java.time.Instant to class java.time.LocalDateTime as reading converter although it doesn't convert from a store-supported type! You might wanna check you annotation setup at the converter implementation.
2024-01-18 16:53:30.619  WARN 26080 --- [    Test worker] o.s.data.convert.CustomConversions       : Registering converter from class java.time.LocalDateTime to class java.time.Instant as reading converter although it doesn't convert from a store-supported type! You might wanna check you annotation setup at the converter implementation.
2024-01-18 16:53:30.619  WARN 26080 --- [    Test worker] o.s.data.convert.CustomConversions       : Registering converter from class java.time.Instant to class java.time.LocalDateTime as reading converter although it doesn't convert from a store-supported type! You might wanna check you annotation setup at the converter implementation.
2024-01-18 16:53:30.694  INFO 26080 --- [    Test worker] o.s.b.w.embedded.tomcat.TomcatWebServer  : Tomcat started on port(s): 59712 (http) with context path ''
2024-01-18 16:53:30.696  INFO 26080 --- [    Test worker] c.m.c.s.impl.EmployeeServiceImplTest     : Started EmployeeServiceImplTest in 2.402 seconds (JVM running for 3.204)
2024-01-18 16:53:30.978  INFO 26080 --- [o-auto-1-exec-1] o.a.c.c.C.[Tomcat].[localhost].[/]       : Initializing Spring DispatcherServlet 'dispatcherServlet'
2024-01-18 16:53:30.978  INFO 26080 --- [o-auto-1-exec-1] o.s.web.servlet.DispatcherServlet        : Initializing Servlet 'dispatcherServlet'
2024-01-18 16:53:30.992  INFO 26080 --- [o-auto-1-exec-1] o.s.web.servlet.DispatcherServlet        : Completed initialization in 14 ms
2024-01-18 16:53:31.018 DEBUG 26080 --- [o-auto-1-exec-1] c.m.c.controller.EmployeeController      : Received reporting structure get request for id [16a596ae-edd3-4847-99fe-c4518e82c86f]
2024-01-18 16:53:31.093 DEBUG 26080 --- [o-auto-1-exec-2] c.m.c.controller.EmployeeController      : Received employee create request for [com.mindex.challenge.data.Employee@962471e]
2024-01-18 16:53:31.094 DEBUG 26080 --- [o-auto-1-exec-2] c.m.c.service.impl.EmployeeServiceImpl   : Creating employee [com.mindex.challenge.data.Employee@962471e]
2024-01-18 16:53:31.098 DEBUG 26080 --- [o-auto-1-exec-3] c.m.c.controller.EmployeeController      : Received employee create request for id [9dc144c0-623b-434d-abda-b5795ca96438]
2024-01-18 16:53:31.098 DEBUG 26080 --- [o-auto-1-exec-3] c.m.c.service.impl.EmployeeServiceImpl   : Creating employee with id [9dc144c0-623b-434d-abda-b5795ca96438]
2024-01-18 16:53:31.104 DEBUG 26080 --- [o-auto-1-exec-4] c.m.c.controller.EmployeeController      : Received employee create request for id [9dc144c0-623b-434d-abda-b5795ca96438] and employee [com.mindex.challenge.data.Employee@4889dd51]
2024-01-18 16:53:31.104 DEBUG 26080 --- [o-auto-1-exec-4] c.m.c.service.impl.EmployeeServiceImpl   : Updating employee [com.mindex.challenge.data.Employee@4889dd51]
2024-01-18 16:53:31.122 DEBUG 26080 --- [o-auto-1-exec-5] c.m.c.controller.EmployeeController      : Received employee create request for employee id [62c1084e-6e34-4630-93fd-9153afb65309]
2024-01-18 16:53:31.126  INFO 26080 --- [-server-worker2] d.b.mongo.backend.AbstractMongoDatabase  : adding unique _id index for collection compensation
2024-01-18 16:53:31.126  INFO 26080 --- [-server-worker2] d.b.mongo.backend.AbstractMongoDatabase  : created collection test.compensation
2024-01-18 16:53:31.129 DEBUG 26080 --- [o-auto-1-exec-7] c.m.c.controller.EmployeeController      : Received compensation get request for id [62c1084e-6e34-4630-93fd-9153afb65309]
]]></system-out>
  <system-err><![CDATA[]]></system-err>
</testsuite>
